2025-12-22 19:02:07,920 - INFO - Starting Integration Test for Backend: MemoryStore
2025-12-22 19:02:07,920 - INFO - Creating Tenant: ad8461a6-6e6f-4421-b7ed-3bd1c95c42d4
2025-12-22 19:02:07,931 - INFO - Created Tenant ID: bb978a9b-9fce-4960-9121-465cb0810357
2025-12-22 19:02:07,932 - INFO - Creating Tenant Admin User
2025-12-22 19:02:08,856 - INFO - Logging in as Tenant Admin
2025-12-22 19:02:09,770 - INFO - Creating Warehouse with Vending Strategy
2025-12-22 19:02:09,774 - INFO - Creating Catalogs
2025-12-22 19:02:09,781 - INFO - >>> Testing Vended Credentials Catalog (cat_vended)
2025-12-22 19:02:09,813 - INFO - Creating Namespace 'ns1'
2025-12-22 19:02:09,818 - INFO - Creating Table 'ns1.table1'
2025-12-22 19:02:10,123 - INFO - Writing Data to 'ns1.table1'
2025-12-22 19:02:10,675 - INFO - Reading Data from 'ns1.table1'
2025-12-22 19:02:10,725 - INFO - Updating Schema (add column 'ts')
2025-12-22 19:02:10,794 - ERROR - ❌ Vended Credentials Test FAILED: current-schema-id -1 can't be found in the schemas
Traceback (most recent call last):
  File "/home/alexmerced/development/personal/Personal/2026/pangolin/tests/integration/test_pyiceberg_matrix.py", line 186, in test_pyiceberg_vended
    with table.update_schema() as update:
  File "/home/alexmerced/.pyenv/versions/3.11.2/lib/python3.11/site-packages/pyiceberg/table/update/__init__.py", line 76, in __exit__
    self.commit()
  File "/home/alexmerced/.pyenv/versions/3.11.2/lib/python3.11/site-packages/pyiceberg/table/update/__init__.py", line 72, in commit
    self._transaction._apply(*self._commit())
  File "/home/alexmerced/.pyenv/versions/3.11.2/lib/python3.11/site-packages/pyiceberg/table/__init__.py", line 295, in _apply
    self.commit_transaction()
  File "/home/alexmerced/.pyenv/versions/3.11.2/lib/python3.11/site-packages/pyiceberg/table/__init__.py", line 936, in commit_transaction
    self._table._do_commit(  # pylint: disable=W0212
  File "/home/alexmerced/.pyenv/versions/3.11.2/lib/python3.11/site-packages/pyiceberg/table/__init__.py", line 1458, in _do_commit
    response = self.catalog.commit_table(self, requirements, updates)
               ^^^^^^^^^^^^^^^^^^^^^^^^^^^^^^^^^^^^^^^^^^^^^^^^^^^^^^
  File "/home/alexmerced/.pyenv/versions/3.11.2/lib/python3.11/site-packages/tenacity/__init__.py", line 338, in wrapped_f
    return copy(f, *args, **kw)
           ^^^^^^^^^^^^^^^^^^^^
  File "/home/alexmerced/.pyenv/versions/3.11.2/lib/python3.11/site-packages/tenacity/__init__.py", line 477, in __call__
    do = self.iter(retry_state=retry_state)
         ^^^^^^^^^^^^^^^^^^^^^^^^^^^^^^^^^^
  File "/home/alexmerced/.pyenv/versions/3.11.2/lib/python3.11/site-packages/tenacity/__init__.py", line 378, in iter
    result = action(retry_state)
             ^^^^^^^^^^^^^^^^^^^
  File "/home/alexmerced/.pyenv/versions/3.11.2/lib/python3.11/site-packages/tenacity/__init__.py", line 400, in <lambda>
    self._add_action_func(lambda rs: rs.outcome.result())
                                     ^^^^^^^^^^^^^^^^^^^
  File "/home/alexmerced/.pyenv/versions/3.11.2/lib/python3.11/concurrent/futures/_base.py", line 449, in result
    return self.__get_result()
           ^^^^^^^^^^^^^^^^^^^
  File "/home/alexmerced/.pyenv/versions/3.11.2/lib/python3.11/concurrent/futures/_base.py", line 401, in __get_result
    raise self._exception
  File "/home/alexmerced/.pyenv/versions/3.11.2/lib/python3.11/site-packages/tenacity/__init__.py", line 480, in __call__
    result = fn(*args, **kwargs)
             ^^^^^^^^^^^^^^^^^^^
  File "/home/alexmerced/.pyenv/versions/3.11.2/lib/python3.11/site-packages/pyiceberg/catalog/rest/__init__.py", line 731, in commit_table
    return CommitTableResponse.model_validate_json(response.text)
           ^^^^^^^^^^^^^^^^^^^^^^^^^^^^^^^^^^^^^^^^^^^^^^^^^^^^^^
  File "/home/alexmerced/.pyenv/versions/3.11.2/lib/python3.11/site-packages/pydantic/main.py", line 597, in model_validate_json
    return cls.__pydantic_validator__.validate_json(json_data, strict=strict, context=context)
           ^^^^^^^^^^^^^^^^^^^^^^^^^^^^^^^^^^^^^^^^^^^^^^^^^^^^^^^^^^^^^^^^^^^^^^^^^^^^^^^^^^^
  File "/home/alexmerced/.pyenv/versions/3.11.2/lib/python3.11/site-packages/pyiceberg/table/metadata.py", line 496, in check_schemas
    return check_schemas(table_metadata)
           ^^^^^^^^^^^^^^^^^^^^^^^^^^^^^
  File "/home/alexmerced/.pyenv/versions/3.11.2/lib/python3.11/site-packages/pyiceberg/table/metadata.py", line 88, in check_schemas
    raise ValidationError(f"current-schema-id {current_schema_id} can't be found in the schemas")
pyiceberg.exceptions.ValidationError: current-schema-id -1 can't be found in the schemas
2025-12-22 19:02:10,800 - INFO - >>> Testing Client Credentials Catalog (cat_client)
2025-12-22 19:02:10,804 - INFO - Creating Namespace 'ns1'
2025-12-22 19:02:10,808 - INFO - Creating Table 'ns1.table1'
2025-12-22 19:02:10,864 - INFO - Writing Data to 'ns1.table1'
2025-12-22 19:02:12,070 - INFO - Reading Data from 'ns1.table1'
2025-12-22 19:02:12,098 - INFO - Updating Schema (add column 'ts')
2025-12-22 19:02:12,174 - ERROR - ❌ Client Credentials Test FAILED: current-schema-id -1 can't be found in the schemas
Traceback (most recent call last):
  File "/home/alexmerced/development/personal/Personal/2026/pangolin/tests/integration/test_pyiceberg_matrix.py", line 244, in test_pyiceberg_client
    with table.update_schema() as update:
  File "/home/alexmerced/.pyenv/versions/3.11.2/lib/python3.11/site-packages/pyiceberg/table/update/__init__.py", line 76, in __exit__
    self.commit()
  File "/home/alexmerced/.pyenv/versions/3.11.2/lib/python3.11/site-packages/pyiceberg/table/update/__init__.py", line 72, in commit
    self._transaction._apply(*self._commit())
  File "/home/alexmerced/.pyenv/versions/3.11.2/lib/python3.11/site-packages/pyiceberg/table/__init__.py", line 295, in _apply
    self.commit_transaction()
  File "/home/alexmerced/.pyenv/versions/3.11.2/lib/python3.11/site-packages/pyiceberg/table/__init__.py", line 936, in commit_transaction
    self._table._do_commit(  # pylint: disable=W0212
  File "/home/alexmerced/.pyenv/versions/3.11.2/lib/python3.11/site-packages/pyiceberg/table/__init__.py", line 1458, in _do_commit
    response = self.catalog.commit_table(self, requirements, updates)
               ^^^^^^^^^^^^^^^^^^^^^^^^^^^^^^^^^^^^^^^^^^^^^^^^^^^^^^
  File "/home/alexmerced/.pyenv/versions/3.11.2/lib/python3.11/site-packages/tenacity/__init__.py", line 338, in wrapped_f
    return copy(f, *args, **kw)
           ^^^^^^^^^^^^^^^^^^^^
  File "/home/alexmerced/.pyenv/versions/3.11.2/lib/python3.11/site-packages/tenacity/__init__.py", line 477, in __call__
    do = self.iter(retry_state=retry_state)
         ^^^^^^^^^^^^^^^^^^^^^^^^^^^^^^^^^^
  File "/home/alexmerced/.pyenv/versions/3.11.2/lib/python3.11/site-packages/tenacity/__init__.py", line 378, in iter
    result = action(retry_state)
             ^^^^^^^^^^^^^^^^^^^
  File "/home/alexmerced/.pyenv/versions/3.11.2/lib/python3.11/site-packages/tenacity/__init__.py", line 400, in <lambda>
    self._add_action_func(lambda rs: rs.outcome.result())
                                     ^^^^^^^^^^^^^^^^^^^
  File "/home/alexmerced/.pyenv/versions/3.11.2/lib/python3.11/concurrent/futures/_base.py", line 449, in result
    return self.__get_result()
           ^^^^^^^^^^^^^^^^^^^
  File "/home/alexmerced/.pyenv/versions/3.11.2/lib/python3.11/concurrent/futures/_base.py", line 401, in __get_result
    raise self._exception
  File "/home/alexmerced/.pyenv/versions/3.11.2/lib/python3.11/site-packages/tenacity/__init__.py", line 480, in __call__
    result = fn(*args, **kwargs)
             ^^^^^^^^^^^^^^^^^^^
  File "/home/alexmerced/.pyenv/versions/3.11.2/lib/python3.11/site-packages/pyiceberg/catalog/rest/__init__.py", line 731, in commit_table
    return CommitTableResponse.model_validate_json(response.text)
           ^^^^^^^^^^^^^^^^^^^^^^^^^^^^^^^^^^^^^^^^^^^^^^^^^^^^^^
  File "/home/alexmerced/.pyenv/versions/3.11.2/lib/python3.11/site-packages/pydantic/main.py", line 597, in model_validate_json
    return cls.__pydantic_validator__.validate_json(json_data, strict=strict, context=context)
           ^^^^^^^^^^^^^^^^^^^^^^^^^^^^^^^^^^^^^^^^^^^^^^^^^^^^^^^^^^^^^^^^^^^^^^^^^^^^^^^^^^^
  File "/home/alexmerced/.pyenv/versions/3.11.2/lib/python3.11/site-packages/pyiceberg/table/metadata.py", line 496, in check_schemas
    return check_schemas(table_metadata)
           ^^^^^^^^^^^^^^^^^^^^^^^^^^^^^
  File "/home/alexmerced/.pyenv/versions/3.11.2/lib/python3.11/site-packages/pyiceberg/table/metadata.py", line 88, in check_schemas
    raise ValidationError(f"current-schema-id {current_schema_id} can't be found in the schemas")
pyiceberg.exceptions.ValidationError: current-schema-id -1 can't be found in the schemas
2025-12-22 19:02:12,178 - ERROR - Tests FAILED
