2025-12-22 18:38:06,976 - INFO - Starting Integration Test for Backend: MemoryStore
2025-12-22 18:38:06,976 - INFO - Creating Tenant: bee243ff-5bb0-4897-af5b-cc681a4e3daf
2025-12-22 18:38:06,985 - INFO - Creating Tenant Admin User
2025-12-22 18:38:07,961 - INFO - Logging in as Tenant Admin
2025-12-22 18:38:08,905 - INFO - Creating Warehouse with Vending Strategy
2025-12-22 18:38:08,909 - INFO - Creating Catalogs
2025-12-22 18:38:08,915 - INFO - >>> Testing Vended Credentials Catalog (cat_vended)
2025-12-22 18:38:08,949 - INFO - Creating Namespace 'ns1'
2025-12-22 18:38:08,953 - INFO - Creating Table 'ns1.table1'
2025-12-22 18:38:09,181 - INFO - Writing Data to 'ns1.table1'
2025-12-22 18:38:09,604 - INFO - Reading Data from 'ns1.table1'
2025-12-22 18:38:09,650 - INFO - Updating Schema (add column 'ts')
2025-12-22 18:38:09,666 - ERROR - ❌ Vended Credentials Test FAILED: RESTError 422: Received unexpected JSON Payload: Failed to deserialize the JSON body into the target type: requirements[0].type: unknown variant `assert-current-schema-id`, expected one of `assert-create`, `assert-table-uuid`, `assert-ref-snapshot-id` at line 1 column 102, errors: Invalid JSON: expected value at line 1 column 1
2025-12-22 18:38:09,666 - INFO - >>> Testing Client Credentials Catalog (cat_client)
2025-12-22 18:38:09,678 - INFO - Creating Namespace 'ns1'
2025-12-22 18:38:09,692 - INFO - Creating Table 'ns1.table1'
2025-12-22 18:38:09,701 - INFO - Writing Data to 'ns1.table1'
2025-12-22 18:38:10,971 - INFO - Reading Data from 'ns1.table1'
2025-12-22 18:38:10,985 - INFO - Updating Schema (add column 'ts')
2025-12-22 18:38:10,989 - ERROR - ❌ Client Credentials Test FAILED: RESTError 422: Received unexpected JSON Payload: Failed to deserialize the JSON body into the target type: requirements[0].type: unknown variant `assert-current-schema-id`, expected one of `assert-create`, `assert-table-uuid`, `assert-ref-snapshot-id` at line 1 column 102, errors: Invalid JSON: expected value at line 1 column 1
Traceback (most recent call last):
  File "/home/alexmerced/.pyenv/versions/3.11.2/lib/python3.11/site-packages/pyiceberg/catalog/rest/__init__.py", line 720, in commit_table
    response.raise_for_status()
  File "/home/alexmerced/.pyenv/versions/3.11.2/lib/python3.11/site-packages/requests/models.py", line 1026, in raise_for_status
    raise HTTPError(http_error_msg, response=self)
requests.exceptions.HTTPError: 422 Client Error: Unprocessable Entity for url: http://localhost:8080/v1/cat_client/v1/namespaces/ns1/tables/table1

The above exception was the direct cause of the following exception:

Traceback (most recent call last):
  File "/home/alexmerced/development/personal/Personal/2026/pangolin/pangolin/../tests/integration/test_pyiceberg_matrix.py", line 221, in test_pyiceberg_client
    with table.update_schema() as update:
  File "/home/alexmerced/.pyenv/versions/3.11.2/lib/python3.11/site-packages/pyiceberg/table/update/__init__.py", line 76, in __exit__
    self.commit()
  File "/home/alexmerced/.pyenv/versions/3.11.2/lib/python3.11/site-packages/pyiceberg/table/update/__init__.py", line 72, in commit
    self._transaction._apply(*self._commit())
  File "/home/alexmerced/.pyenv/versions/3.11.2/lib/python3.11/site-packages/pyiceberg/table/__init__.py", line 295, in _apply
    self.commit_transaction()
  File "/home/alexmerced/.pyenv/versions/3.11.2/lib/python3.11/site-packages/pyiceberg/table/__init__.py", line 936, in commit_transaction
    self._table._do_commit(  # pylint: disable=W0212
  File "/home/alexmerced/.pyenv/versions/3.11.2/lib/python3.11/site-packages/pyiceberg/table/__init__.py", line 1458, in _do_commit
    response = self.catalog.commit_table(self, requirements, updates)
               ^^^^^^^^^^^^^^^^^^^^^^^^^^^^^^^^^^^^^^^^^^^^^^^^^^^^^^
  File "/home/alexmerced/.pyenv/versions/3.11.2/lib/python3.11/site-packages/tenacity/__init__.py", line 338, in wrapped_f
    return copy(f, *args, **kw)
           ^^^^^^^^^^^^^^^^^^^^
  File "/home/alexmerced/.pyenv/versions/3.11.2/lib/python3.11/site-packages/tenacity/__init__.py", line 477, in __call__
    do = self.iter(retry_state=retry_state)
         ^^^^^^^^^^^^^^^^^^^^^^^^^^^^^^^^^^
  File "/home/alexmerced/.pyenv/versions/3.11.2/lib/python3.11/site-packages/tenacity/__init__.py", line 378, in iter
    result = action(retry_state)
             ^^^^^^^^^^^^^^^^^^^
  File "/home/alexmerced/.pyenv/versions/3.11.2/lib/python3.11/site-packages/tenacity/__init__.py", line 400, in <lambda>
    self._add_action_func(lambda rs: rs.outcome.result())
                                     ^^^^^^^^^^^^^^^^^^^
  File "/home/alexmerced/.pyenv/versions/3.11.2/lib/python3.11/concurrent/futures/_base.py", line 449, in result
    return self.__get_result()
           ^^^^^^^^^^^^^^^^^^^
  File "/home/alexmerced/.pyenv/versions/3.11.2/lib/python3.11/concurrent/futures/_base.py", line 401, in __get_result
    raise self._exception
  File "/home/alexmerced/.pyenv/versions/3.11.2/lib/python3.11/site-packages/tenacity/__init__.py", line 480, in __call__
    result = fn(*args, **kwargs)
             ^^^^^^^^^^^^^^^^^^^
  File "/home/alexmerced/.pyenv/versions/3.11.2/lib/python3.11/site-packages/pyiceberg/catalog/rest/__init__.py", line 722, in commit_table
    _handle_non_200_response(
  File "/home/alexmerced/.pyenv/versions/3.11.2/lib/python3.11/site-packages/pyiceberg/catalog/rest/response.py", line 111, in _handle_non_200_response
    raise exception(response) from exc
pyiceberg.exceptions.RESTError: RESTError 422: Received unexpected JSON Payload: Failed to deserialize the JSON body into the target type: requirements[0].type: unknown variant `assert-current-schema-id`, expected one of `assert-create`, `assert-table-uuid`, `assert-ref-snapshot-id` at line 1 column 102, errors: Invalid JSON: expected value at line 1 column 1
2025-12-22 18:38:10,993 - ERROR - Tests FAILED
